<?xml version="1.0" encoding="UTF-8"?>
<!-- Generated by org.testng.reporters.JUnitReportReporter -->
<testsuite hostname="Sauravs-MBP" failures="0" tests="2" name="com.qa.api.gorest.tests.GetUserTest" time="6.947" errors="0" timestamp="2022-03-16T14:18:33 IST" skipped="0">
  <testcase classname="com.qa.api.gorest.tests.GetUserTest" name="getAllUserListAPItest_01Test" time="6.670"/>
  <system-out/>
  <testcase classname="com.qa.api.gorest.tests.GetUserTest" name="getUserWithQueryParamsAPItest_02Test" time="0.277"/>
  <system-out/>
</testsuite> <!-- com.qa.api.gorest.tests.GetUserTest -->
