<?xml version="1.0" encoding="UTF-8"?>
<!-- Generated by org.testng.reporters.JUnitReportReporter -->
<testsuite hostname="DESKTOP-B1J8J2U" failures="0" tests="3" name="com.qa.api.gorest.tests.RestfulBookerHerokuapp" time="7.483" errors="0" timestamp="2022-03-16T19:11:49 IST" skipped="0">
  <testcase classname="com.qa.api.gorest.tests.RestfulBookerHerokuapp" name="getToken_RestfulBookerHerokuappAPItest_01Test" time="1.567"/>
  <system-out/>
  <testcase classname="com.qa.api.gorest.tests.RestfulBookerHerokuapp" name="postBookingTicket_RestfulBookerHerokuappAPItest_02Test" time="2.983"/>
  <system-out/>
  <testcase classname="com.qa.api.gorest.tests.RestfulBookerHerokuapp" name="getUserBookingDetails_RestfulBookerHerokuappAPItest_03Test" time="2.933"/>
  <system-out/>
</testsuite> <!-- com.qa.api.gorest.tests.RestfulBookerHerokuapp -->
