<?xml version="1.0" encoding="UTF-8"?>
<!-- Generated by org.testng.reporters.JUnitReportReporter -->
<testsuite hostname="DESKTOP-B1J8J2U" failures="0" tests="1" name="com.qa.api.gorest.tests.DeleteUserTest" time="0.029" errors="0" timestamp="2022-03-16T19:11:49 IST" skipped="0">
  <testcase classname="com.qa.api.gorest.tests.DeleteUserTest" name="getAllUserListAPItest_01Test" time="0.029"/>
  <system-out/>
</testsuite> <!-- com.qa.api.gorest.tests.DeleteUserTest -->
