<?xml version="1.0" encoding="UTF-8"?>
<!-- Generated by org.testng.reporters.JUnitReportReporter -->
<testsuite hostname="Sauravs-MBP" failures="0" tests="8" name="com.qa.api.gorest.tests.CreateUserTest" time="7.649" errors="0" timestamp="2022-03-16T14:18:33 IST" skipped="0">
  <testcase classname="com.qa.api.gorest.tests.CreateUserTest" name="createUserAPITest_03Test" time="0.275"/>
  <system-out/>
  <testcase classname="com.qa.api.gorest.tests.CreateUserTest" name="createUserAPITest_03Test" time="0.246"/>
  <system-out/>
  <testcase classname="com.qa.api.gorest.tests.CreateUserTest" name="createUserAPITest_03Test" time="5.800"/>
  <system-out/>
  <testcase classname="com.qa.api.gorest.tests.CreateUserTest" name="createUserAPITest_03Test" time="0.277"/>
  <system-out/>
  <testcase classname="com.qa.api.gorest.tests.CreateUserTest" name="createUserAPITest_03Test" time="0.272"/>
  <system-out/>
  <testcase classname="com.qa.api.gorest.tests.CreateUserTest" name="createUserAPITest_03Test" time="0.274"/>
  <system-out/>
  <testcase classname="com.qa.api.gorest.tests.CreateUserTest" name="createUserAPITest_03Test" time="0.229"/>
  <system-out/>
  <testcase classname="com.qa.api.gorest.tests.CreateUserTest" name="createUserAPITest_03Test" time="0.276"/>
  <system-out/>
</testsuite> <!-- com.qa.api.gorest.tests.CreateUserTest -->
