<?xml version="1.0" encoding="UTF-8"?>
<!-- Generated by org.testng.reporters.JUnitReportReporter -->
<testsuite hostname="Sauravs-MBP" failures="0" tests="3" name="com.qa.api.gorest.tests.Get_imgur_APITest" time="12.240" errors="0" timestamp="2022-03-16T14:18:33 IST" skipped="0">
  <testcase classname="com.qa.api.gorest.tests.Get_imgur_APITest" name="getAccountBlockStatusTest" time="3.562"/>
  <system-out/>
  <testcase classname="com.qa.api.gorest.tests.Get_imgur_APITest" name="uploadImagePostAPITest" time="5.871"/>
  <system-out/>
  <testcase classname="com.qa.api.gorest.tests.Get_imgur_APITest" name="getAccountImageTest" time="2.807"/>
  <system-out/>
</testsuite> <!-- com.qa.api.gorest.tests.Get_imgur_APITest -->
