<?xml version="1.0" encoding="UTF-8"?>
<!-- Generated by org.testng.reporters.JUnitReportReporter -->
<testsuite hostname="DESKTOP-B1J8J2U" failures="0" tests="3" name="com.qa.api.gorest.tests.Get_imgur_APITest" time="14.926" errors="0" timestamp="2022-03-16T19:11:49 IST" skipped="0">
  <testcase classname="com.qa.api.gorest.tests.Get_imgur_APITest" name="getAccountBlockStatusTest" time="3.289"/>
  <system-out/>
  <testcase classname="com.qa.api.gorest.tests.Get_imgur_APITest" name="uploadImagePostAPITest" time="8.898"/>
  <system-out/>
  <testcase classname="com.qa.api.gorest.tests.Get_imgur_APITest" name="getAccountImageTest" time="2.739"/>
  <system-out/>
</testsuite> <!-- com.qa.api.gorest.tests.Get_imgur_APITest -->
