<?xml version="1.0" encoding="UTF-8"?>
<!-- Generated by org.testng.reporters.JUnitReportReporter -->
<testsuite hostname="Sauravs-MBP" failures="0" tests="1" name="com.qa.api.gorest.tests.DeleteUserTest" time="0.015" errors="0" timestamp="2022-03-16T14:18:33 IST" skipped="0">
  <testcase classname="com.qa.api.gorest.tests.DeleteUserTest" name="getAllUserListAPItest_01Test" time="0.015"/>
  <system-out/>
</testsuite> <!-- com.qa.api.gorest.tests.DeleteUserTest -->
